<?xml version="1.0" encoding="UTF-8"?>
<testsuite xmlns:xsi="http://www.w3.org/2001/XMLSchema-instance" xsi:noNamespaceSchemaLocation="https://maven.apache.org/surefire/maven-surefire-plugin/xsd/surefire-test-report-3.0.xsd" version="3.0" name="com.example.euraka_discovery.EurakaDiscoveryApplicationTests" time="5.775" tests="1" errors="0" skipped="0" failures="0">
  <properties>
[...]
</properties>
  <testcase name="contextLoads" classname="com.example.euraka_discovery.EurakaDiscoveryApplicationTests" time="1.141">
    <system-out><![CDATA[11:29:41.197 [main] INFO org.springframework.test.context.support.AnnotationConfigContextLoaderUtils -- Could not detect default configuration classes for test class [com.example.euraka_discovery.EurakaDiscoveryApplicationTests]: EurakaDiscoveryApplicationTests does not declare any static, non-private, non-final, nested classes annotated with @Configuration.
11:29:41.306 [main] INFO org.springframework.boot.test.context.SpringBootTestContextBootstrapper -- Found @SpringBootConfiguration com.example.euraka_discovery.EurakaDiscoveryApplication for test class com.example.euraka_discovery.EurakaDiscoveryApplicationTests

  .   ____          _            __ _ _
 /\\ / ___'_ __ _ _(_)_ __  __ _ \ \ \ \
( ( )\___ | '_ | '_| | '_ \/ _` | \ \ \ \
 \\/  ___)| |_)| | | | | || (_| |  ) ) ) )
  '  |____| .__|_| |_|_| |_\__, | / / / /
 =========|_|==============|___/=/_/_/_/
 :: Spring Boot ::                (v3.1.6)

2023-11-28T11:29:41.912+02:00  INFO 11332 --- [           main] c.e.e.EurakaDiscoveryApplicationTests    : Starting EurakaDiscoveryApplicationTests using Java 17.0.8.1 with PID 11332 (started by mzain in C:\Users\mzain\Downloads\euraka_discovery)
2023-11-28T11:29:41.914+02:00  INFO 11332 --- [           main] c.e.e.EurakaDiscoveryApplicationTests    : No active profile set, falling back to 1 default profile: "default"
2023-11-28T11:29:43.128+02:00  INFO 11332 --- [           main] o.s.cloud.context.scope.GenericScope     : BeanFactory id=a0f7fbe4-9c39-3eae-abe1-fd80a8fe9003
2023-11-28T11:29:44.610+02:00  WARN 11332 --- [           main] iguration$LoadBalancerCaffeineWarnLogger : Spring Cloud LoadBalancer is currently working with the default cache. While this cache implementation is useful for development and tests, it's recommended to use Caffeine cache in production.You can switch to using Caffeine cache, by adding it and org.springframework.cache.caffeine.CaffeineCacheManager to the classpath.
2023-11-28T11:29:44.867+02:00  INFO 11332 --- [           main] o.s.c.n.eureka.InstanceInfoFactory       : Setting initial instance status as: STARTING
2023-11-28T11:29:44.900+02:00  INFO 11332 --- [           main] com.netflix.discovery.DiscoveryClient    : Initializing Eureka in region us-east-1
2023-11-28T11:29:44.901+02:00  INFO 11332 --- [           main] com.netflix.discovery.DiscoveryClient    : Client configured to neither register nor query for data.
2023-11-28T11:29:44.911+02:00  INFO 11332 --- [           main] com.netflix.discovery.DiscoveryClient    : Discovery Client initialized at timestamp 1701163784910 with initial instances count: 0
2023-11-28T11:29:44.953+02:00  INFO 11332 --- [           main] c.n.eureka.DefaultEurekaServerContext    : Initializing ...
2023-11-28T11:29:44.955+02:00  INFO 11332 --- [           main] c.n.eureka.cluster.PeerEurekaNodes       : Adding new peer nodes [http://localhost:8761/eureka/]
2023-11-28T11:29:45.221+02:00  INFO 11332 --- [           main] c.n.d.provider.DiscoveryJerseyProvider   : Using JSON encoding codec LegacyJacksonJson
2023-11-28T11:29:45.221+02:00  INFO 11332 --- [           main] c.n.d.provider.DiscoveryJerseyProvider   : Using JSON decoding codec LegacyJacksonJson
2023-11-28T11:29:45.221+02:00  INFO 11332 --- [           main] c.n.d.provider.DiscoveryJerseyProvider   : Using XML encoding codec XStreamXml
2023-11-28T11:29:45.221+02:00  INFO 11332 --- [           main] c.n.d.provider.DiscoveryJerseyProvider   : Using XML decoding codec XStreamXml
2023-11-28T11:29:45.362+02:00  INFO 11332 --- [           main] c.n.eureka.cluster.PeerEurekaNodes       : Replica node URL:  http://localhost:8761/eureka/
2023-11-28T11:29:45.371+02:00  INFO 11332 --- [           main] c.n.e.registry.AbstractInstanceRegistry  : Finished initializing remote region registries. All known remote regions: []
2023-11-28T11:29:45.372+02:00  INFO 11332 --- [           main] c.n.eureka.DefaultEurekaServerContext    : Initialized
2023-11-28T11:29:45.523+02:00  INFO 11332 --- [           main] o.s.b.a.e.web.EndpointLinksResolver      : Exposing 1 endpoint(s) beneath base path '/actuator'
2023-11-28T11:29:45.572+02:00  INFO 11332 --- [           main] o.s.c.n.e.s.EurekaServiceRegistry        : Registering application UNKNOWN with eureka with status UP
2023-11-28T11:29:45.589+02:00  INFO 11332 --- [      Thread-10] o.s.c.n.e.server.EurekaServerBootstrap   : isAws returned false
2023-11-28T11:29:45.590+02:00  INFO 11332 --- [      Thread-10] o.s.c.n.e.server.EurekaServerBootstrap   : Initialized server context
2023-11-28T11:29:45.590+02:00  INFO 11332 --- [      Thread-10] c.n.e.r.PeerAwareInstanceRegistryImpl    : Got 1 instances from neighboring DS node
2023-11-28T11:29:45.590+02:00  INFO 11332 --- [      Thread-10] c.n.e.r.PeerAwareInstanceRegistryImpl    : Renew threshold is: 1
2023-11-28T11:29:45.590+02:00  INFO 11332 --- [      Thread-10] c.n.e.r.PeerAwareInstanceRegistryImpl    : Changing status to UP
2023-11-28T11:29:45.599+02:00  INFO 11332 --- [           main] c.e.e.EurakaDiscoveryApplicationTests    : Started EurakaDiscoveryApplicationTests in 4.114 seconds (process running for 5.418)
2023-11-28T11:29:45.600+02:00  INFO 11332 --- [      Thread-10] e.s.EurekaServerInitializerConfiguration : Started Eureka Server
]]></system-out>
  </testcase>
</testsuite>